Prescript J29155334941477976881_pre.sh called with parameters: 
/home/ra000007/a03106/kportal/jobs/J29155334941477976881
.
./J29155334941477976881_post.sh
./J29155334941477976881.sh
./J29155334941477976881_pre.sh
./run_mixer_sample.sh
./sample
./sample/makeMesh
./sample/Allrun
./sample/.DS_Store
./sample/0
./sample/0/U
./sample/0/p_rgh
./sample/0/alpha.water.org
./sample/constant
./sample/constant/transportProperties
./sample/constant/g
./sample/constant/fvOptions
./sample/constant/turbulenceProperties
./sample/constant/MRFProperties
./sample/constant/polyMesh
./sample/constant/polyMesh/blockMeshDict.m4
./sample/constant/polyMesh/boundary
./sample/system
./sample/system/topoSetDict
./sample/system/fvSchemes
./sample/system/controlDict
./sample/system/fvSolution
./sample/system/setFieldsDict
./pre.log
